{"/home/runner/work/Student/Student/src/components/ui/Button.tsx": {"path":"/home/runner/work/Student/Student/src/components/ui/Button.tsx","statementMap":{"0":{"start":{"line":26,"column":0},"end":{"line":26,"column":16}},"1":{"start":{"line":13,"column":47},"end":{"line":18,"column":2}},"2":{"start":{"line":20,"column":41},"end":{"line":24,"column":2}},"3":{"start":{"line":35,"column":21},"end":{"line":35,"column":42}},"4":{"start":{"line":37,"column":2},"end":{"line":65,"column":4}},"5":{"start":{"line":68,"column":0},"end":{"line":68,"column":22}}},"fnMap":{"0":{"name":"Button","decl":{"start":{"line":26,"column":16},"end":{"line":26,"column":22}},"loc":{"start":{"line":34,"column":14},"end":{"line":66,"column":1}}}},"branchMap":{"0":{"loc":{"start":{"line":27,"column":2},"end":{"line":27,"column":21}},"type":"default-arg","locations":[{"start":{"line":27,"column":12},"end":{"line":27,"column":21}}]},"1":{"loc":{"start":{"line":28,"column":2},"end":{"line":28,"column":13}},"type":"default-arg","locations":[{"start":{"line":28,"column":9},"end":{"line":28,"column":13}}]},"2":{"loc":{"start":{"line":29,"column":2},"end":{"line":29,"column":19}},"type":"default-arg","locations":[{"start":{"line":29,"column":14},"end":{"line":29,"column":19}}]},"3":{"loc":{"start":{"line":32,"column":2},"end":{"line":32,"column":16}},"type":"default-arg","locations":[{"start":{"line":32,"column":14},"end":{"line":32,"column":16}}]},"4":{"loc":{"start":{"line":35,"column":21},"end":{"line":35,"column":42}},"type":"binary-expr","locations":[{"start":{"line":35,"column":21},"end":{"line":35,"column":29}},{"start":{"line":35,"column":33},"end":{"line":35,"column":42}}]},"5":{"loc":{"start":{"line":44,"column":8},"end":{"line":44,"column":57}},"type":"cond-expr","locations":[{"start":{"line":44,"column":21},"end":{"line":44,"column":52}},{"start":{"line":44,"column":55},"end":{"line":44,"column":57}}]},"6":{"loc":{"start":{"line":51,"column":7},"end":{"line":61,"column":null}},"type":"binary-expr","locations":[{"start":{"line":51,"column":7},"end":{"line":51,"column":16}},{"start":{"line":52,"column":8},"end":{"line":60,"column":null}}]}},"s":{"0":1,"1":1,"2":1,"3":15,"4":15,"5":1},"f":{"0":15},"b":{"0":[11],"1":[12],"2":[13],"3":[14],"4":[15,13],"5":[4,11],"6":[15,2]}}
}
